Started by user [8mha:////4CURAIiNWWsszHitDZzw/SQsyFufprafLWvjiRrsdsvLAAAAmB+LCAAAAAAAAP9b85aBtbiIQTGjNKU4P08vOT+vOD8nVc83PyU1x6OyILUoJzMv2y+/JJUBAhiZGBgqihhk0NSjKDWzXb3RdlLBUSYGJk8GtpzUvPSSDB8G5tKinBIGIZ+sxLJE/ZzEvHT94JKizLx0a6BxUmjGOUNodHsLgAyWEgY+/dLi1CL9ktTiEhADAGlS9sPDAAAA[0mTest
Building remotely on [8mha:////4OB7cu/k1b0zzn0Gobhexk1ZT1HLUIbBBlttNb/26OLsAAAAnx+LCAAAAAAAAP9b85aBtbiIQTGjNKU4P08vOT+vOD8nVc83PyU1x6OyILUoJzMv2y+/JJUBAhiZGBgqihhk0NSjKDWzXb3RdlLBUSYGJk8GtpzUvPSSDB8G5tKinBIGIZ+sxLJE/ZzEvHT94JKizLx0a6BxUmjGOUNodHsLgAyeEgYx/eT83ILSktQiMCMzJ7UoPjUnFwB8SDOrywAAAA==[0mcompiler_elm in workspace /home/taccuser/workspace/CompilerCQE_rocSPARSE
 > /usr/bin/git rev-parse --is-inside-work-tree # timeout=10
Fetching changes from the remote Git repository
 > /usr/bin/git config remote.origin.url https://github.com/ROCmSoftwarePlatform/rocSPARSE.git # timeout=10
Fetching upstream changes from https://github.com/ROCmSoftwarePlatform/rocSPARSE.git
 > /usr/bin/git --version # timeout=10
using GIT_ASKPASS to set credentials 
 > /usr/bin/git fetch --tags --progress https://github.com/ROCmSoftwarePlatform/rocSPARSE.git +refs/heads/*:refs/remotes/origin/*
 > /usr/bin/git rev-parse refs/remotes/origin/master^{commit} # timeout=10
 > /usr/bin/git rev-parse refs/remotes/origin/origin/master^{commit} # timeout=10
Checking out Revision 0676d85f2f37e59f5696c02bcdc5dead6db6e5e9 (refs/remotes/origin/master)
 > /usr/bin/git config core.sparsecheckout # timeout=10
 > /usr/bin/git checkout -f 0676d85f2f37e59f5696c02bcdc5dead6db6e5e9
Commit message: "version bump"
First time build. Skipping changelog.
[CompilerCQE_rocSPARSE] $ /bin/sh -xe /tmp/jenkins97885178350828419.sh
+ echo AH64_uh1
+ sudo -S ./install.sh -icd
+ tee rocsparse-install.log
[32mCreating project build directory in: [33m./build[0m

WARNING: apt does not have a stable CLI interface. Use with caution in scripts.

Hit:1 http://ppa.launchpad.net/webupd8team/java/ubuntu xenial InRelease
Get:2 http://security.ubuntu.com/ubuntu xenial-security InRelease [109 kB]
Hit:3 http://in.archive.ubuntu.com/ubuntu xenial InRelease
Ign:4 http://compute-artifactory.amd.com/artifactory/list/rocm-dkms-release-2.1-ubuntu xenial InRelease
Get:5 http://in.archive.ubuntu.com/ubuntu xenial-updates InRelease [109 kB]
Hit:6 http://compute-artifactory.amd.com/artifactory/list/rocm-dkms-release-2.1-ubuntu xenial Release
Ign:7 http://compute-artifactory.amd.com/artifactory/list/rocm-dkms-release-2.1-ubuntu xenial Release.gpg
Get:8 http://in.archive.ubuntu.com/ubuntu xenial-backports InRelease [107 kB]
Get:9 http://in.archive.ubuntu.com/ubuntu xenial-updates/main amd64 Packages [936 kB]
Get:10 http://security.ubuntu.com/ubuntu xenial-security/main amd64 DEP-11 Metadata [67.9 kB]
Get:11 http://security.ubuntu.com/ubuntu xenial-security/main DEP-11 64x64 Icons [67.1 kB]
Get:12 http://security.ubuntu.com/ubuntu xenial-security/universe amd64 DEP-11 Metadata [116 kB]
Get:13 http://in.archive.ubuntu.com/ubuntu xenial-updates/main i386 Packages [813 kB]
Get:14 http://security.ubuntu.com/ubuntu xenial-security/universe DEP-11 64x64 Icons [168 kB]
Get:15 http://in.archive.ubuntu.com/ubuntu xenial-updates/main amd64 DEP-11 Metadata [318 kB]
Get:16 http://in.archive.ubuntu.com/ubuntu xenial-updates/main DEP-11 64x64 Icons [227 kB]
Get:17 http://in.archive.ubuntu.com/ubuntu xenial-updates/universe amd64 Packages [745 kB]
Get:18 http://security.ubuntu.com/ubuntu xenial-security/multiverse amd64 DEP-11 Metadata [2,464 B]
Get:19 http://in.archive.ubuntu.com/ubuntu xenial-updates/universe i386 Packages [682 kB]
Get:20 http://in.archive.ubuntu.com/ubuntu xenial-updates/universe amd64 DEP-11 Metadata [252 kB]
Get:21 http://in.archive.ubuntu.com/ubuntu xenial-updates/universe DEP-11 64x64 Icons [350 kB]
Get:22 http://in.archive.ubuntu.com/ubuntu xenial-updates/multiverse amd64 DEP-11 Metadata [5,956 B]
Get:23 http://in.archive.ubuntu.com/ubuntu xenial-updates/multiverse DEP-11 64x64 Icons [14.3 kB]
Get:24 http://in.archive.ubuntu.com/ubuntu xenial-backports/main amd64 DEP-11 Metadata [3,328 B]
Get:25 http://in.archive.ubuntu.com/ubuntu xenial-backports/universe amd64 DEP-11 Metadata [5,104 B]
AppStream cache update completed, but some metadata was ignored due to errors.
Fetched 5,099 kB in 3s (1,494 kB/s)
Reading package lists...
Building dependency tree...
Reading state information...
105 packages can be upgraded. Run 'apt list --upgradable' to see them.
~/workspace/CompilerCQE_rocSPARSE ~/workspace/CompilerCQE_rocSPARSE
[32mBuilding [33mgoogletest[32m from source; installing into [33m/usr/local[0m
-- Configuring gtest external dependency
-- ExternalGmock using ( 17 ) cores to build with
-- Configuring done
-- Generating done
-- Build files have been written to: /home/taccuser/workspace/CompilerCQE_rocSPARSE/build/deps
[ 12%] Performing update step for 'googletest'
[ 25%] Performing configure step for 'googletest'
-- Configuring done
-- Generating done
-- Build files have been written to: /home/taccuser/workspace/CompilerCQE_rocSPARSE/build/deps/gtest/src/googletest-build
[ 37%] Performing build step for 'googletest'
-- googletest build command succeeded.  See also /home/taccuser/workspace/CompilerCQE_rocSPARSE/build/deps/gtest/src/googletest-stamp/googletest-build-*.log
[ 50%] No install step for 'googletest'
[ 62%] Completed 'googletest'
[100%] Built target googletest
[ 12%] Performing update step for 'googletest'
[ 25%] Performing configure step for 'googletest'
-- Configuring done
-- Generating done
-- Build files have been written to: /home/taccuser/workspace/CompilerCQE_rocSPARSE/build/deps/gtest/src/googletest-build
[ 37%] Performing build step for 'googletest'
-- googletest build command succeeded.  See also /home/taccuser/workspace/CompilerCQE_rocSPARSE/build/deps/gtest/src/googletest-stamp/googletest-build-*.log
[ 50%] No install step for 'googletest'
[ 62%] Completed 'googletest'
[100%] Built target googletest
[ 25%] Built target gtest
[ 50%] Built target gmock
[ 75%] Built target gmock_main
[100%] Built target gtest_main
Install the project...
-- Install configuration: ""
-- Up-to-date: /usr/local/include
-- Up-to-date: /usr/local/include/gmock
-- Installing: /usr/local/include/gmock/gmock-generated-function-mockers.h.pump
-- Installing: /usr/local/include/gmock/gmock-cardinalities.h
-- Installing: /usr/local/include/gmock/gmock-spec-builders.h
-- Up-to-date: /usr/local/include/gmock/internal
-- Installing: /usr/local/include/gmock/internal/gmock-generated-internal-utils.h
-- Up-to-date: /usr/local/include/gmock/internal/custom
-- Installing: /usr/local/include/gmock/internal/custom/README.md
-- Installing: /usr/local/include/gmock/internal/custom/gmock-generated-actions.h
-- Installing: /usr/local/include/gmock/internal/custom/gmock-matchers.h
-- Installing: /usr/local/include/gmock/internal/custom/gmock-generated-actions.h.pump
-- Installing: /usr/local/include/gmock/internal/custom/gmock-port.h
-- Installing: /usr/local/include/gmock/internal/gmock-internal-utils.h
-- Installing: /usr/local/include/gmock/internal/gmock-generated-internal-utils.h.pump
-- Installing: /usr/local/include/gmock/internal/gmock-port.h
-- Installing: /usr/local/include/gmock/gmock-generated-nice-strict.h
-- Installing: /usr/local/include/gmock/gmock-generated-actions.h
-- Installing: /usr/local/include/gmock/gmock-matchers.h
-- Installing: /usr/local/include/gmock/gmock-generated-matchers.h.pump
-- Installing: /usr/local/include/gmock/gmock-generated-function-mockers.h
-- Installing: /usr/local/include/gmock/gmock-actions.h
-- Installing: /usr/local/include/gmock/gmock-more-matchers.h
-- Installing: /usr/local/include/gmock/gmock-generated-actions.h.pump
-- Installing: /usr/local/include/gmock/gmock.h
-- Installing: /usr/local/include/gmock/gmock-generated-matchers.h
-- Installing: /usr/local/include/gmock/gmock-more-actions.h
-- Installing: /usr/local/include/gmock/gmock-generated-nice-strict.h.pump
-- Installing: /usr/local/lib/libgmock.a
-- Installing: /usr/local/lib/libgmock_main.a
-- Installing: /usr/local/lib/pkgconfig/gmock.pc
-- Installing: /usr/local/lib/pkgconfig/gmock_main.pc
-- Installing: /usr/local/lib/cmake/GTest/GTestTargets.cmake
-- Installing: /usr/local/lib/cmake/GTest/GTestTargets-noconfig.cmake
-- Installing: /usr/local/lib/cmake/GTest/GTestConfigVersion.cmake
-- Installing: /usr/local/lib/cmake/GTest/GTestConfig.cmake
-- Up-to-date: /usr/local/include
-- Up-to-date: /usr/local/include/gtest
-- Installing: /usr/local/include/gtest/gtest-death-test.h
-- Installing: /usr/local/include/gtest/gtest_prod.h
-- Installing: /usr/local/include/gtest/gtest-param-test.h
-- Up-to-date: /usr/local/include/gtest/internal
-- Installing: /usr/local/include/gtest/internal/gtest-linked_ptr.h
-- Installing: /usr/local/include/gtest/internal/gtest-port.h
-- Installing: /usr/local/include/gtest/internal/gtest-filepath.h
-- Installing: /usr/local/include/gtest/internal/gtest-internal.h
-- Installing: /usr/local/include/gtest/internal/gtest-tuple.h.pump
-- Installing: /usr/local/include/gtest/internal/gtest-tuple.h
-- Up-to-date: /usr/local/include/gtest/internal/custom
-- Installing: /usr/local/include/gtest/internal/custom/README.md
-- Installing: /usr/local/include/gtest/internal/custom/gtest-port.h
-- Installing: /usr/local/include/gtest/internal/custom/gtest.h
-- Installing: /usr/local/include/gtest/internal/custom/gtest-printers.h
-- Installing: /usr/local/include/gtest/internal/gtest-param-util-generated.h.pump
-- Installing: /usr/local/include/gtest/internal/gtest-string.h
-- Installing: /usr/local/include/gtest/internal/gtest-type-util.h.pump
-- Installing: /usr/local/include/gtest/internal/gtest-death-test-internal.h
-- Installing: /usr/local/include/gtest/internal/gtest-port-arch.h
-- Installing: /usr/local/include/gtest/internal/gtest-param-util.h
-- Installing: /usr/local/include/gtest/internal/gtest-type-util.h
-- Installing: /usr/local/include/gtest/internal/gtest-param-util-generated.h
-- Installing: /usr/local/include/gtest/gtest-test-part.h
-- Installing: /usr/local/include/gtest/gtest-param-test.h.pump
-- Installing: /usr/local/include/gtest/gtest-spi.h
-- Installing: /usr/local/include/gtest/gtest-typed-test.h
-- Installing: /usr/local/include/gtest/gtest.h
-- Installing: /usr/local/include/gtest/gtest-message.h
-- Installing: /usr/local/include/gtest/gtest_pred_impl.h
-- Installing: /usr/local/include/gtest/gtest-printers.h
-- Installing: /usr/local/lib/libgtest.a
-- Installing: /usr/local/lib/libgtest_main.a
-- Installing: /usr/local/lib/pkgconfig/gtest.pc
-- Installing: /usr/local/lib/pkgconfig/gtest_main.pc
[100%] Built target install
~/workspace/CompilerCQE_rocSPARSE
~/workspace/CompilerCQE_rocSPARSE ~/workspace/CompilerCQE_rocSPARSE
-- Found HIP: /usr/local (found suitable version "1.5.19122", minimum required is "1.5.19055") 
-- The CXX compiler identification is Clang 9.0.0
-- Check for working CXX compiler: /opt/rocm/bin/hcc
-- Check for working CXX compiler: /opt/rocm/bin/hcc -- works
-- Detecting CXX compiler ABI info
-- Detecting CXX compiler ABI info - done
-- Detecting CXX compile features
-- Detecting CXX compile features - done
-- Found Git: /usr/bin/git (found version "2.7.4") 
-- Found PkgConfig: /usr/bin/pkg-config (found version "0.29.1") 
-- Downloading rocPRIM.
-- Downloading/updating rocPRIM
-- Configuring done
-- Generating done
-- Build files have been written to: /home/taccuser/workspace/CompilerCQE_rocSPARSE/build/release/rocPRIM-download
Scanning dependencies of target rocPRIM-download
[ 11%] Creating directories for 'rocPRIM-download'
[ 22%] Performing download step (git clone) for 'rocPRIM-download'
-- rocPRIM-download download command succeeded.  See also /home/taccuser/workspace/CompilerCQE_rocSPARSE/build/release/rocPRIM-download/rocPRIM-download-prefix/src/rocPRIM-download-stamp/rocPRIM-download-download-*.log
[ 33%] No patch step for 'rocPRIM-download'
[ 44%] Performing update step for 'rocPRIM-download'
Current branch master is up to date.
[ 55%] Performing configure step for 'rocPRIM-download'
-- rocPRIM-download configure command succeeded.  See also /home/taccuser/workspace/CompilerCQE_rocSPARSE/build/release/rocPRIM-download/rocPRIM-download-prefix/src/rocPRIM-download-stamp/rocPRIM-download-configure-*.log
[ 66%] Performing build step for 'rocPRIM-download'
[ 77%] Performing install step for 'rocPRIM-download'
-- rocPRIM-download install command succeeded.  See also /home/taccuser/workspace/CompilerCQE_rocSPARSE/build/release/rocPRIM-download/rocPRIM-download-prefix/src/rocPRIM-download-stamp/rocPRIM-download-install-*.log
[ 88%] No test step for 'rocPRIM-download'
[100%] Completed 'rocPRIM-download'
[100%] Built target rocPRIM-download
-- Performing Test COMPILER_HAS_HIDDEN_VISIBILITY
-- Performing Test COMPILER_HAS_HIDDEN_VISIBILITY - Success
-- Performing Test COMPILER_HAS_HIDDEN_INLINE_VISIBILITY
-- Performing Test COMPILER_HAS_HIDDEN_INLINE_VISIBILITY - Success
-- Performing Test COMPILER_HAS_DEPRECATED_ATTR
-- Performing Test COMPILER_HAS_DEPRECATED_ATTR - Success
CMake Warning at /usr/share/cmake-3.5/Modules/FindBoost.cmake:725 (message):
  Imported targets not available for Boost version 106400
Call Stack (most recent call first):
  /usr/share/cmake-3.5/Modules/FindBoost.cmake:763 (_Boost_COMPONENT_DEPENDENCIES)
  /usr/share/cmake-3.5/Modules/FindBoost.cmake:1332 (_Boost_MISSING_DEPENDENCIES)
  clients/benchmarks/CMakeLists.txt:29 (find_package)


-- Boost version: 1.64.0
-- Found the following Boost libraries:
--   program_options
  Downloading and extracting test matrix Bova/rma10.tar.gz
FATAL: command execution failed
java.io.EOFException
	at java.io.ObjectInputStream$PeekInputStream.readFully(ObjectInputStream.java:2681)
	at java.io.ObjectInputStream$BlockDataInputStream.readShort(ObjectInputStream.java:3156)
	at java.io.ObjectInputStream.readStreamHeader(ObjectInputStream.java:862)
	at java.io.ObjectInputStream.<init>(ObjectInputStream.java:358)
	at hudson.remoting.ObjectInputStreamEx.<init>(ObjectInputStreamEx.java:49)
	at hudson.remoting.Command.readFrom(Command.java:140)
	at hudson.remoting.Command.readFrom(Command.java:126)
	at hudson.remoting.AbstractSynchronousByteArrayCommandTransport.read(AbstractSynchronousByteArrayCommandTransport.java:36)
	at hudson.remoting.SynchronousCommandTransport$ReaderThread.run(SynchronousCommandTransport.java:63)
Caused: java.io.IOException: Unexpected termination of the channel
	at hudson.remoting.SynchronousCommandTransport$ReaderThread.run(SynchronousCommandTransport.java:77)
Caused: java.io.IOException: Backing channel 'compiler_elm' is disconnected.
	at hudson.remoting.RemoteInvocationHandler.channelOrFail(RemoteInvocationHandler.java:214)
	at hudson.remoting.RemoteInvocationHandler.invoke(RemoteInvocationHandler.java:283)
	at com.sun.proxy.$Proxy71.isAlive(Unknown Source)
	at hudson.Launcher$RemoteLauncher$ProcImpl.isAlive(Launcher.java:1143)
	at hudson.Launcher$RemoteLauncher$ProcImpl.join(Launcher.java:1135)
	at hudson.tasks.CommandInterpreter.join(CommandInterpreter.java:155)
	at hudson.tasks.CommandInterpreter.perform(CommandInterpreter.java:109)
	at hudson.tasks.CommandInterpreter.perform(CommandInterpreter.java:66)
	at hudson.tasks.BuildStepMonitor$1.perform(BuildStepMonitor.java:20)
	at hudson.model.AbstractBuild$AbstractBuildExecution.perform(AbstractBuild.java:744)
	at hudson.model.Build$BuildExecution.build(Build.java:206)
	at hudson.model.Build$BuildExecution.doRun(Build.java:163)
	at hudson.model.AbstractBuild$AbstractBuildExecution.run(AbstractBuild.java:504)
	at hudson.model.Run.execute(Run.java:1815)
	at hudson.model.FreeStyleBuild.run(FreeStyleBuild.java:43)
	at hudson.model.ResourceController.execute(ResourceController.java:97)
	at hudson.model.Executor.run(Executor.java:429)
FATAL: Unable to delete script file /tmp/jenkins97885178350828419.sh
java.io.EOFException
	at java.io.ObjectInputStream$PeekInputStream.readFully(ObjectInputStream.java:2681)
	at java.io.ObjectInputStream$BlockDataInputStream.readShort(ObjectInputStream.java:3156)
	at java.io.ObjectInputStream.readStreamHeader(ObjectInputStream.java:862)
	at java.io.ObjectInputStream.<init>(ObjectInputStream.java:358)
	at hudson.remoting.ObjectInputStreamEx.<init>(ObjectInputStreamEx.java:49)
	at hudson.remoting.Command.readFrom(Command.java:140)
	at hudson.remoting.Command.readFrom(Command.java:126)
	at hudson.remoting.AbstractSynchronousByteArrayCommandTransport.read(AbstractSynchronousByteArrayCommandTransport.java:36)
	at hudson.remoting.SynchronousCommandTransport$ReaderThread.run(SynchronousCommandTransport.java:63)
Caused: java.io.IOException: Unexpected termination of the channel
	at hudson.remoting.SynchronousCommandTransport$ReaderThread.run(SynchronousCommandTransport.java:77)
Caused: hudson.remoting.ChannelClosedException: Channel "unknown": Remote call on compiler_elm failed. The channel is closing down or has closed down
	at hudson.remoting.Channel.call(Channel.java:948)
	at hudson.FilePath.act(FilePath.java:1071)
	at hudson.FilePath.act(FilePath.java:1060)
	at hudson.FilePath.delete(FilePath.java:1564)
	at hudson.tasks.CommandInterpreter.perform(CommandInterpreter.java:123)
	at hudson.tasks.CommandInterpreter.perform(CommandInterpreter.java:66)
	at hudson.tasks.BuildStepMonitor$1.perform(BuildStepMonitor.java:20)
	at hudson.model.AbstractBuild$AbstractBuildExecution.perform(AbstractBuild.java:744)
	at hudson.model.Build$BuildExecution.build(Build.java:206)
	at hudson.model.Build$BuildExecution.doRun(Build.java:163)
	at hudson.model.AbstractBuild$AbstractBuildExecution.run(AbstractBuild.java:504)
	at hudson.model.Run.execute(Run.java:1815)
	at hudson.model.FreeStyleBuild.run(FreeStyleBuild.java:43)
	at hudson.model.ResourceController.execute(ResourceController.java:97)
	at hudson.model.Executor.run(Executor.java:429)
Build step 'Execute shell' marked build as failure
Finished: FAILURE
