Started by user [8mha:////4CURAIiNWWsszHitDZzw/SQsyFufprafLWvjiRrsdsvLAAAAmB+LCAAAAAAAAP9b85aBtbiIQTGjNKU4P08vOT+vOD8nVc83PyU1x6OyILUoJzMv2y+/JJUBAhiZGBgqihhk0NSjKDWzXb3RdlLBUSYGJk8GtpzUvPSSDB8G5tKinBIGIZ+sxLJE/ZzEvHT94JKizLx0a6BxUmjGOUNodHsLgAyWEgY+/dLi1CL9ktTiEhADAGlS9sPDAAAA[0mTest
Building remotely on [8mha:////4OB7cu/k1b0zzn0Gobhexk1ZT1HLUIbBBlttNb/26OLsAAAAnx+LCAAAAAAAAP9b85aBtbiIQTGjNKU4P08vOT+vOD8nVc83PyU1x6OyILUoJzMv2y+/JJUBAhiZGBgqihhk0NSjKDWzXb3RdlLBUSYGJk8GtpzUvPSSDB8G5tKinBIGIZ+sxLJE/ZzEvHT94JKizLx0a6BxUmjGOUNodHsLgAyeEgYx/eT83ILSktQiMCMzJ7UoPjUnFwB8SDOrywAAAA==[0mcompiler_elm in workspace /home/taccuser/workspace/CompilerCQE_clFFT_Small
[CompilerCQE_clFFT_Small] $ /bin/sh -xe /tmp/jenkins4687213116607536970.sh
+ sudo apt-get install -y libgtest-dev
Reading package lists...
Building dependency tree...
Reading state information...
libgtest-dev is already the newest version (1.7.0-4ubuntu1).
0 upgraded, 0 newly installed, 0 to remove and 109 not upgraded.
+ sudo apt-get install -y fftw3 fftw3-dev
Reading package lists...
Building dependency tree...
Reading state information...
libfftw3-dev is already the newest version (3.3.4-2ubuntu1).
libfftw3-3 is already the newest version (3.3.4-2ubuntu1).
0 upgraded, 0 newly installed, 0 to remove and 109 not upgraded.
+ sudo apt-get install -y libboost-all-dev
Reading package lists...
Building dependency tree...
Reading state information...
libboost-all-dev is already the newest version (1.58.0.1ubuntu1).
0 upgraded, 0 newly installed, 0 to remove and 109 not upgraded.
+ cd /home/taccuser/Documents
+ cd compilerNightly
+ rm -rf clFFT
+ git clone https://github.com/clMathLibraries/clFFT
Cloning into 'clFFT'...
+ cd clFFT/src
+ mkdir build
+ cd build
+ cmake -DOpenCL_INCLUDE_DIR=/opt/rocm/opencl/include -DOpenCL_LIBRARY=/opt/rocm/opencl/lib/x86_64/libOpenCL.so -DUNIT_TEST=ON -DBUILD_TEST=ON -DBUILD_CLIENT=ON ..
-- The C compiler identification is GNU 5.4.0
-- The CXX compiler identification is GNU 5.4.0
-- Check for working C compiler: /usr/bin/cc
-- Check for working C compiler: /usr/bin/cc -- works
-- Detecting C compiler ABI info
-- Detecting C compiler ABI info - done
-- Detecting C compile features
-- Detecting C compile features - done
-- Check for working CXX compiler: /usr/bin/c++
-- Check for working CXX compiler: /usr/bin/c++ -- works
-- Detecting CXX compiler ABI info
-- Detecting CXX compiler ABI info - done
-- Detecting CXX compile features
-- Detecting CXX compile features - done
-- UNICODE feature disabled on linux
-- 64bit build - FIND_LIBRARY_USE_LIB64_PATHS TRUE
CMake Warning at /usr/share/cmake-3.5/Modules/FindBoost.cmake:725 (message):
  Imported targets not available for Boost version 106400
Call Stack (most recent call first):
  /usr/share/cmake-3.5/Modules/FindBoost.cmake:763 (_Boost_COMPONENT_DEPENDENCIES)
  /usr/share/cmake-3.5/Modules/FindBoost.cmake:1332 (_Boost_MISSING_DEPENDENCIES)
  CMakeLists.txt:142 (find_package)


-- Boost version: 1.64.0
-- Found the following Boost libraries:
--   program_options
-- Boost_PROGRAM_OPTIONS_LIBRARY: /usr/local/lib/libboost_program_options.a
-- Looking for CL_VERSION_2_0
-- Looking for CL_VERSION_2_0 - found
-- Found OpenCL: /opt/rocm/opencl/lib/x86_64/libOpenCL.so (found version "2.0") 
-- Found FFTW: /usr/lib/x86_64-linux-gnu/libfftw3f.so;/usr/lib/x86_64-linux-gnu/libfftw3.so  
-- Detected GNU fortran compiler.
-- CMAKE_CXX_COMPILER flags: -m64 -pthread 
-- CMAKE_CXX_COMPILER debug flags: -g
-- CMAKE_CXX_COMPILER release flags: -O3 -DNDEBUG
-- CMAKE_CXX_COMPILER relwithdebinfo flags: -O2 -g -DNDEBUG
-- CMAKE_EXE_LINKER link flags: 
FFT callback client will NOT be built
-- Configuring done
-- Generating done
-- Build files have been written to: /home/taccuser/Documents/compilerNightly/clFFT/src/build
+ make
Scanning dependencies of target gtest-external
[  1%] Creating directories for 'gtest-external'
[  3%] Performing download step (download, verify and extract) for 'gtest-external'
-- downloading...
     src='https://github.com/google/googletest/archive/release-1.7.0.zip'
     dst='/home/taccuser/Documents/compilerNightly/clFFT/src/build/gtest-external-prefix/src/release-1.7.0.zip'
     timeout='none'
CMake Error at gtest-external-stamp/download-gtest-external.cmake:27 (message):
  error: downloading
  'https://github.com/google/googletest/archive/release-1.7.0.zip' failed

    status_code: 6
    status_string: "Couldn't resolve host name"
    log:   Trying 13.250.177.223...

  Connected to github.com (13.250.177.223) port 443 (#0)

  ALPN, offering http/1.1

  Cipher selection:
  ALL:!EXPORT:!EXPORT40:!EXPORT56:!aNULL:!LOW:!RC4:@STRENGTH

  successfully set certificate verify locations:

    CAfile: /etc/ssl/certs/ca-certificates.crt
    CApath: /etc/ssl/certs

  TLSv1.2 (OUT), TLS header, Certificate Status (22):

  [5 bytes data]

  TLSv1.2 (OUT), TLS handshake, Client hello (1):

  [512 bytes data]

  [5 bytes data]

  TLSv1.2 (IN), TLS handshake, Server hello (2):

  [108 bytes data]

  [5 bytes data]

  TLSv1.2 (IN), TLS handshake, Certificate (11):

  [3085 bytes data]

  [5 bytes data]

  TLSv1.2 (IN), TLS handshake, Server key exchange (12):

  [333 bytes data]

  [5 bytes data]

  TLSv1.2 (IN), TLS handshake, Server finished (14):

  [4 bytes data]

  [5 bytes data]

  TLSv1.2 (OUT), TLS handshake, Client key exchange (16):

  [70 bytes data]

  [5 bytes data]

  TLSv1.2 (OUT), TLS change cipher, Client hello (1):

  [1 bytes data]

  [5 bytes data]

  TLSv1.2 (OUT), TLS handshake, Finished (20):

  [16 bytes data]

  [5 bytes data]

  TLSv1.2 (IN), TLS change cipher, Client hello (1):

  [1 bytes data]

  [5 bytes data]

  TLSv1.2 (IN), TLS handshake, Finished (20):

  [16 bytes data]

  SSL connection using TLSv1.2 / ECDHE-RSA-AES128-GCM-SHA256

  ALPN, server accepted to use http/1.1

  Server certificate:

  	 subject: businessCategory=Private Organization; jurisdictionC=US;
  jurisdictionST=Delaware; serialNumber=5157550; C=US; ST=California; L=San
  Francisco; O=GitHub, Inc.; CN=github.com

  	 start date: May 8 00:00:00 2018 GMT

  	 expire date: Jun 3 12:00:00 2020 GMT

  	 subjectAltName: github.com matched

  	 issuer: C=US; O=DigiCert Inc; OU=www.digicert.com; CN=DigiCert SHA2
  Extended Validation Server CA

  	 SSL certificate verify ok.

  [5 bytes data]

  GET /google/googletest/archive/release-1.7.0.zip HTTP/1.1

  Host: github.com

  User-Agent: curl/7.47.0

  Accept: */*

  

  [5 bytes data]

  HTTP/1.1 302 Found

  Date: Wed, 03 Apr 2019 06:40:45 GMT

  Content-Type: text/html; charset=utf-8

  Transfer-Encoding: chunked

  Server: GitHub.com

  Status: 302 Found

  Vary: X-PJAX

  Location: https://codeload.github.com/google/googletest/zip/release-1.7.0

  Cache-Control: max-age=0, private

  Set-Cookie: has_recent_activity=1; path=/; expires=Wed, 03 Apr 2019
  07:40:45 -0000

  Set-Cookie: logged_in=no; domain=.github.com; path=/; expires=Sun, 03 Apr
  2039 06:40:45 -0000; secure; HttpOnly

  Set-Cookie:
  _gh_sess=TnQ0Ulg2d0hFUjMzNnJHZU9WeURjcmN0eDlia2htTSs4MFBEQ2pwQWtrRzc0MGJKV3NTS2RXcjRtWEpxbHR5KzZackRtTEd5b3I2Q1k1aE93WkRXK2FvcWYrSDQyUTZTVjRFSm9sTnhDTFpXNWVtOWloUzUxeEx6QWpjYy9iYnlZejhWc01laFJndEk3VXlkU2svcmxlNWlWeVZ0bklpV0daeWtnSmM5TG01THh5NUVaRm1PUVNzcVRGTG5CbnZTU3N5RUJxRGF0ZjRjenRxU2pOU0Q0Zz09LS1CT05nM1oxUFFueFdFd0N4T3BCc3R3PT0%3D--60e5022cfcf7183128fa1dbe491f685495436d95;
  path=/; secure; HttpOnly

  X-Request-Id: ed8b1fb6-bda4-4ad6-97f3-527fd5f90738

  Strict-Transport-Security: max-age=31536000; includeSubdomains; preload

  X-Frame-Options: deny

  X-Content-Type-Options: nosniff

  X-XSS-Protection: 1; mode=block

  Expect-CT: max-age=2592000,
  report-uri="https://api.github.com/_private/browser/errors"

  [5 bytes data]

  Content-Security-Policy: default-src 'none'; base-uri 'self';
  block-all-mixed-content; connect-src 'self' uploads.github.com
  www.githubstatus.com collector.githubapp.com api.github.com
  www.google-analytics.com github-cloud.s3.amazonaws.com
  github-production-repository-file-5c1aeb.s3.amazonaws.com
  github-production-upload-manifest-file-7fdce7.s3.amazonaws.com
  github-production-user-asset-6210df.s3.amazonaws.com wss://live.github.com;
  font-src github.githubassets.com; form-action 'self' github.com
  gist.github.com; frame-ancestors 'none'; frame-src
  render.githubusercontent.com; img-src 'self' data: github.githubassets.com
  identicons.github.com collector.githubapp.com github-cloud.s3.amazonaws.com
  *.githubusercontent.com; manifest-src 'self'; media-src 'none'; script-src
  github.githubassets.com; style-src 'unsafe-inline' github.githubassets.com

  Vary: Accept-Encoding

  X-GitHub-Request-Id: A21E:0FB3:18C74F:22F401:5CA4556C

  

  Ignoring the response-body

  [140 bytes data]

  Connection #0 to host github.com left intact

  Issue another request to this URL:
  'https://codeload.github.com/google/googletest/zip/release-1.7.0'

  Could not resolve host: codeload.github.com

  Closing connection 1

  



CMakeFiles/gtest-external.dir/build.make:89: recipe for target 'gtest-external-prefix/src/gtest-external-stamp/gtest-external-download' failed
make[2]: *** [gtest-external-prefix/src/gtest-external-stamp/gtest-external-download] Error 1
CMakeFiles/Makefile2:67: recipe for target 'CMakeFiles/gtest-external.dir/all' failed
make[1]: *** [CMakeFiles/gtest-external.dir/all] Error 2
Makefile:149: recipe for target 'all' failed
make: *** [all] Error 2
Build step 'Execute shell' marked build as failure
Finished: FAILURE
