Started by user [8mha:////4CURAIiNWWsszHitDZzw/SQsyFufprafLWvjiRrsdsvLAAAAmB+LCAAAAAAAAP9b85aBtbiIQTGjNKU4P08vOT+vOD8nVc83PyU1x6OyILUoJzMv2y+/JJUBAhiZGBgqihhk0NSjKDWzXb3RdlLBUSYGJk8GtpzUvPSSDB8G5tKinBIGIZ+sxLJE/ZzEvHT94JKizLx0a6BxUmjGOUNodHsLgAyWEgY+/dLi1CL9ktTiEhADAGlS9sPDAAAA[0mTest
Building remotely on [8mha:////4OB7cu/k1b0zzn0Gobhexk1ZT1HLUIbBBlttNb/26OLsAAAAnx+LCAAAAAAAAP9b85aBtbiIQTGjNKU4P08vOT+vOD8nVc83PyU1x6OyILUoJzMv2y+/JJUBAhiZGBgqihhk0NSjKDWzXb3RdlLBUSYGJk8GtpzUvPSSDB8G5tKinBIGIZ+sxLJE/ZzEvHT94JKizLx0a6BxUmjGOUNodHsLgAyeEgYx/eT83ILSktQiMCMzJ7UoPjUnFwB8SDOrywAAAA==[0mcompiler_elm in workspace /home/taccuser/workspace/CompilerCQE_rocPRIM_Full
Cloning the remote Git repository
Cloning repository https://github.com/ROCmSoftwarePlatform/rocPRIM.git
 > /usr/bin/git init /home/taccuser/workspace/CompilerCQE_rocPRIM_Full # timeout=10
Fetching upstream changes from https://github.com/ROCmSoftwarePlatform/rocPRIM.git
 > /usr/bin/git --version # timeout=10
using GIT_ASKPASS to set credentials 
 > /usr/bin/git fetch --tags --progress https://github.com/ROCmSoftwarePlatform/rocPRIM.git +refs/heads/*:refs/remotes/origin/*
 > /usr/bin/git config remote.origin.url https://github.com/ROCmSoftwarePlatform/rocPRIM.git # timeout=10
 > /usr/bin/git config --add remote.origin.fetch +refs/heads/*:refs/remotes/origin/* # timeout=10
 > /usr/bin/git config remote.origin.url https://github.com/ROCmSoftwarePlatform/rocPRIM.git # timeout=10
Fetching upstream changes from https://github.com/ROCmSoftwarePlatform/rocPRIM.git
using GIT_ASKPASS to set credentials 
 > /usr/bin/git fetch --tags --progress https://github.com/ROCmSoftwarePlatform/rocPRIM.git +refs/heads/*:refs/remotes/origin/*
 > /usr/bin/git rev-parse refs/remotes/origin/develop^{commit} # timeout=10
 > /usr/bin/git rev-parse refs/remotes/origin/origin/develop^{commit} # timeout=10
Checking out Revision da9372a4d612f91099e452682c6e37a2d4ebc469 (refs/remotes/origin/develop)
 > /usr/bin/git config core.sparsecheckout # timeout=10
 > /usr/bin/git checkout -f da9372a4d612f91099e452682c6e37a2d4ebc469
Commit message: "Add definition to max_grid_size and shared_impl_max_bins (#51)"
First time build. Skipping changelog.
[CompilerCQE_rocPRIM_Full] $ /bin/sh -xe /tmp/jenkins5762991167157257973.sh
+ mkdir build
+ cd build
+ CXX=/opt/rocm/hcc/bin/hcc+  cmake -DBUILD_BENCHMARK=OFF ../.
tee rocPRIM_build.log
-- The CXX compiler identification is Clang 9.0.0
-- Check for working CXX compiler: /opt/rocm/hcc/bin/hcc
-- Check for working CXX compiler: /opt/rocm/hcc/bin/hcc -- works
-- Detecting CXX compiler ABI info
-- Detecting CXX compiler ABI info - done
-- Detecting CXX compile features
-- Detecting CXX compile features - done
-- Setting build type to 'Release' as none was specified.
-- Found HIP: /usr/local (found suitable version "1.5.19122", minimum required is "1.5.18263") 
-- HIP Compiler: hcc
-- Found PkgConfig: /usr/bin/pkg-config (found version "0.29.1") 
-- Found Git: /usr/bin/git (found version "2.7.4") 
-- Downloading and building GTest.
-- Downloading/updating googletest
-- Configuring done
-- Generating done
-- Build files have been written to: /home/taccuser/workspace/CompilerCQE_rocPRIM_Full/build/googletest-download
Scanning dependencies of target googletest-download
[ 11%] Creating directories for 'googletest-download'
[ 22%] Performing download step (git clone) for 'googletest-download'
-- googletest-download download command succeeded.  See also /home/taccuser/workspace/CompilerCQE_rocPRIM_Full/build/googletest-download/googletest-download-prefix/src/googletest-download-stamp/googletest-download-download-*.log
[ 33%] No patch step for 'googletest-download'
[ 44%] Skipping update step for 'googletest-download'
[ 55%] Performing configure step for 'googletest-download'
-- googletest-download configure command succeeded.  See also /home/taccuser/workspace/CompilerCQE_rocPRIM_Full/build/googletest-download/googletest-download-prefix/src/googletest-download-stamp/googletest-download-configure-*.log
[ 66%] Performing build step for 'googletest-download'
-- googletest-download build command succeeded.  See also /home/taccuser/workspace/CompilerCQE_rocPRIM_Full/build/googletest-download/googletest-download-prefix/src/googletest-download-stamp/googletest-download-build-*.log
[ 77%] Performing install step for 'googletest-download'
-- googletest-download install command succeeded.  See also /home/taccuser/workspace/CompilerCQE_rocPRIM_Full/build/googletest-download/googletest-download-prefix/src/googletest-download-stamp/googletest-download-install-*.log
[ 88%] No test step for 'googletest-download'
[100%] Completed 'googletest-download'
[100%] Built target googletest-download
-- Found GTest: /home/taccuser/workspace/CompilerCQE_rocPRIM_Full/build/gtest/lib/libgtest.so  
-- Looking for C++ include pthread.h
-- Looking for C++ include pthread.h - found
-- Looking for pthread_create
-- Looking for pthread_create - not found
-- Looking for pthread_create in pthreads
-- Looking for pthread_create in pthreads - not found
-- Looking for pthread_create in pthread
-- Looking for pthread_create in pthread - found
-- Found Threads: TRUE  
-- ******** Summary ********
-- General:
--   System                : Linux
--   HIP ROOT              : /usr/local
--   C++ compiler          : /opt/rocm/hcc/bin/hcc
--   C++ compiler version  : 9.0.0
--   CXX flags             : -Wno-unused-command-line-argument -Wall -Wextra
--   Build type            : Release
--   Install prefix        : /opt/rocm
--   Device targets        : gfx803;gfx900;gfx906
-- 
--   BUILD_TEST            : ON
--   BUILD_BENCHMARK       : OFF
--   BUILD_EXAMPLE         : OFF
-- Configuring done
-- Generating done
-- Build files have been written to: /home/taccuser/workspace/CompilerCQE_rocPRIM_Full/build
+ make -j16
+ tee -a rocPRIM_build.log
Scanning dependencies of target test_hc_api
[  0%] Building CXX object test/CMakeFiles/test_hc_api.dir/test_hc_api.cpp.o
Scanning dependencies of target test_hip_api
[  1%] Building CXX object test/CMakeFiles/test_hip_api.dir/test_hip_api.cpp.o
Scanning dependencies of target test_hip_device_segmented_reduce
Scanning dependencies of target test_hip_device_reduce_by_key
Scanning dependencies of target test_hip_device_merge
Scanning dependencies of target test_hip_device_run_length_encode
Scanning dependencies of target test_hip_device_histogram
Scanning dependencies of target test_hip_device_reduce
Scanning dependencies of target test_hip_device_merge_sort
Scanning dependencies of target test_hip_device_partition
Scanning dependencies of target test_hip_zip_iterator
Scanning dependencies of target test_hc_device_scan
Scanning dependencies of target test_hip_device_radix_sort
Scanning dependencies of target test_hip_warp_sort
Scanning dependencies of target test_hip_device_transform
Scanning dependencies of target test_hip_device_segmented_radix_sort
[  2%] Building CXX object test/rocprim/CMakeFiles/test_hip_device_segmented_reduce.dir/test_hip_device_segmented_reduce.cpp.o
[  2%] Building CXX object test/rocprim/CMakeFiles/test_hip_device_reduce_by_key.dir/test_hip_device_reduce_by_key.cpp.o
[  2%] Building CXX object test/rocprim/CMakeFiles/test_hip_device_reduce.dir/test_hip_device_reduce.cpp.o
[  3%] Building CXX object test/rocprim/CMakeFiles/test_hip_device_merge.dir/test_hip_device_merge.cpp.o
[  3%] Building CXX object test/rocprim/CMakeFiles/test_hip_device_run_length_encode.dir/test_hip_device_run_length_encode.cpp.o
[  4%] Building CXX object test/rocprim/CMakeFiles/test_hip_device_histogram.dir/test_hip_device_histogram.cpp.o
[  5%] Building CXX object test/rocprim/CMakeFiles/test_hc_device_scan.dir/test_hc_device_scan.cpp.o
[  6%] Building CXX object test/rocprim/CMakeFiles/test_hip_device_merge_sort.dir/test_hip_device_merge_sort.cpp.o
[  6%] Building CXX object test/rocprim/CMakeFiles/test_hip_warp_sort.dir/test_hip_warp_sort.cpp.o
[  7%] Building CXX object test/rocprim/CMakeFiles/test_hip_device_radix_sort.dir/test_hip_device_radix_sort.cpp.o
[  8%] Building CXX object test/rocprim/CMakeFiles/test_hip_zip_iterator.dir/test_hip_zip_iterator.cpp.o
[  8%] Building CXX object test/rocprim/CMakeFiles/test_hip_device_segmented_radix_sort.dir/test_hip_device_segmented_radix_sort.cpp.o
[  9%] Building CXX object test/rocprim/CMakeFiles/test_hip_device_transform.dir/test_hip_device_transform.cpp.o
[ 10%] Building CXX object test/rocprim/CMakeFiles/test_hip_device_partition.dir/test_hip_device_partition.cpp.o
[ 11%] Linking CXX executable test_hc_api
[ 11%] Built target test_hc_api
Scanning dependencies of target test_hc_device_partition
[ 11%] Building CXX object test/rocprim/CMakeFiles/test_hc_device_partition.dir/test_hc_device_partition.cpp.o
[ 11%] Linking CXX executable test_hip_api
[ 11%] Built target test_hip_api
Scanning dependencies of target test_hip_transform_iterator
[ 11%] Building CXX object test/rocprim/CMakeFiles/test_hip_transform_iterator.dir/test_hip_transform_iterator.cpp.o
[ 11%] Linking CXX executable test_hip_zip_iterator
[ 11%] Built target test_hip_zip_iterator
Scanning dependencies of target test_hip_block_sort
[ 11%] Building CXX object test/rocprim/CMakeFiles/test_hip_block_sort.dir/test_hip_block_sort.cpp.o
[ 11%] Linking CXX executable test_hip_device_merge
[ 11%] Linking CXX executable test_hip_device_transform
[ 12%] Linking CXX executable test_hip_warp_sort
[ 12%] Linking CXX executable test_hip_device_segmented_reduce
[ 12%] Built target test_hip_device_merge
Scanning dependencies of target test_hc_device_segmented_radix_sort
[ 13%] Building CXX object test/rocprim/CMakeFiles/test_hc_device_segmented_radix_sort.dir/test_hc_device_segmented_radix_sort.cpp.o
[ 13%] Built target test_hip_device_transform
Scanning dependencies of target test_hip_warp_reduce
[ 13%] Building CXX object test/rocprim/CMakeFiles/test_hip_warp_reduce.dir/test_hip_warp_reduce.cpp.o
[ 14%] Linking CXX executable test_hc_device_partition
[ 14%] Built target test_hip_warp_sort
Scanning dependencies of target test_hc_arg_index_iterator
[ 14%] Building CXX object test/rocprim/CMakeFiles/test_hc_arg_index_iterator.dir/test_hc_arg_index_iterator.cpp.o
[ 14%] Built target test_hip_device_segmented_reduce
Scanning dependencies of target test_hc_device_segmented_scan
[ 15%] Building CXX object test/rocprim/CMakeFiles/test_hc_device_segmented_scan.dir/test_hc_device_segmented_scan.cpp.o
[ 15%] Linking CXX executable test_hip_device_partition
[ 15%] Built target test_hc_device_partition
Scanning dependencies of target test_hc_block_histogram
[ 15%] Building CXX object test/rocprim/CMakeFiles/test_hc_block_histogram.dir/test_hc_block_histogram.cpp.o
[ 16%] Linking CXX executable test_hip_transform_iterator
[ 16%] Built target test_hip_device_partition
Scanning dependencies of target test_hc_device_reduce_by_key
[ 16%] Building CXX object test/rocprim/CMakeFiles/test_hc_device_reduce_by_key.dir/test_hc_device_reduce_by_key.cpp.o
[ 17%] Linking CXX executable test_hip_device_reduce
[ 17%] Built target test_hip_transform_iterator
Scanning dependencies of target test_hc_device_radix_sort
[ 17%] Building CXX object test/rocprim/CMakeFiles/test_hc_device_radix_sort.dir/test_hc_device_radix_sort.cpp.o
[ 18%] Linking CXX executable test_hc_arg_index_iterator
[ 18%] Built target test_hip_device_reduce
Scanning dependencies of target test_hc_device_merge
[ 19%] Building CXX object test/rocprim/CMakeFiles/test_hc_device_merge.dir/test_hc_device_merge.cpp.o
[ 19%] Built target test_hc_arg_index_iterator
Scanning dependencies of target test_hc_device_histogram
[ 20%] Building CXX object test/rocprim/CMakeFiles/test_hc_device_histogram.dir/test_hc_device_histogram.cpp.o
[ 21%] Linking CXX executable test_hc_block_histogram
[ 22%] Linking CXX executable test_hip_device_reduce_by_key
[ 22%] Built target test_hc_block_histogram
Scanning dependencies of target test_hc_counting_iterator
[ 23%] Building CXX object test/rocprim/CMakeFiles/test_hc_counting_iterator.dir/test_hc_counting_iterator.cpp.o
[ 23%] Linking CXX executable test_hip_device_histogram
[ 23%] Linking CXX executable test_hc_device_merge
[ 23%] Linking CXX executable test_hip_device_merge_sort
[ 23%] Built target test_hc_device_merge
Scanning dependencies of target test_hip_block_exchange
[ 24%] Building CXX object test/rocprim/CMakeFiles/test_hip_block_exchange.dir/test_hip_block_exchange.cpp.o
[ 25%] Linking CXX executable test_hip_block_sort
[ 25%] Linking CXX executable test_hc_counting_iterator
[ 25%] Built target test_hip_device_histogram
Scanning dependencies of target test_hc_constant_iterator
[ 26%] Building CXX object test/rocprim/CMakeFiles/test_hc_constant_iterator.dir/test_hc_constant_iterator.cpp.o
[ 26%] Built target test_hip_device_reduce_by_key
Scanning dependencies of target test_hip_block_scan
[ 26%] Building CXX object test/rocprim/CMakeFiles/test_hip_block_scan.dir/test_hip_block_scan.cpp.o
[ 26%] Built target test_hip_device_merge_sort
Scanning dependencies of target test_hc_block_load_store
[ 26%] Building CXX object test/rocprim/CMakeFiles/test_hc_block_load_store.dir/test_hc_block_load_store.cpp.o
[ 26%] Built target test_hc_counting_iterator
Scanning dependencies of target test_hc_block_exchange
[ 27%] Building CXX object test/rocprim/CMakeFiles/test_hc_block_exchange.dir/test_hc_block_exchange.cpp.o
[ 28%] Linking CXX executable test_hip_device_run_length_encode
[ 29%] Linking CXX executable test_hc_device_reduce_by_key
[ 29%] Linking CXX executable test_hc_constant_iterator
[ 29%] Built target test_hip_block_sort
Scanning dependencies of target test_hc_block_discontinuity
[ 30%] Building CXX object test/rocprim/CMakeFiles/test_hc_block_discontinuity.dir/test_hc_block_discontinuity.cpp.o
[ 30%] Built target test_hc_constant_iterator
Scanning dependencies of target test_hip_intrinsics
[ 31%] Building CXX object test/rocprim/CMakeFiles/test_hip_intrinsics.dir/test_hip_intrinsics.cpp.o
[ 31%] Linking CXX executable test_hc_device_segmented_scan
[ 31%] Built target test_hc_device_reduce_by_key
Scanning dependencies of target test_hc_device_merge_sort
[ 32%] Building CXX object test/rocprim/CMakeFiles/test_hc_device_merge_sort.dir/test_hc_device_merge_sort.cpp.o
[ 32%] Built target test_hip_device_run_length_encode
Scanning dependencies of target test_hip_constant_iterator
[ 32%] Building CXX object test/rocprim/CMakeFiles/test_hip_constant_iterator.dir/test_hip_constant_iterator.cpp.o
[ 32%] Linking CXX executable test_hc_device_histogram
[ 33%] Linking CXX executable test_hip_warp_reduce
[ 33%] Built target test_hc_device_histogram
Scanning dependencies of target test_hip_texture_cache_iterator
[ 33%] Building CXX object test/rocprim/CMakeFiles/test_hip_texture_cache_iterator.dir/test_hip_texture_cache_iterator.cpp.o
[ 33%] Linking CXX executable test_hc_device_scan
[ 34%] Linking CXX executable test_hip_intrinsics
[ 34%] Built target test_hip_warp_reduce
Scanning dependencies of target test_hc_block_reduce
[ 34%] Building CXX object test/rocprim/CMakeFiles/test_hc_block_reduce.dir/test_hc_block_reduce.cpp.o
[ 34%] Built target test_hip_intrinsics
Scanning dependencies of target test_hc_device_segmented_reduce
[ 35%] Building CXX object test/rocprim/CMakeFiles/test_hc_device_segmented_reduce.dir/test_hc_device_segmented_reduce.cpp.o
[ 36%] Linking CXX executable test_hip_constant_iterator
[ 36%] Linking CXX executable test_hc_block_discontinuity
[ 36%] Built target test_hip_constant_iterator
Scanning dependencies of target test_hc_device_select
[ 37%] Building CXX object test/rocprim/CMakeFiles/test_hc_device_select.dir/test_hc_device_select.cpp.o
[ 37%] Built target test_hc_device_segmented_scan
Scanning dependencies of target test_hip_warp_scan
[ 37%] Building CXX object test/rocprim/CMakeFiles/test_hip_warp_scan.dir/test_hip_warp_scan.cpp.o
[ 38%] Linking CXX executable test_hc_block_exchange
[ 38%] Built target test_hc_block_exchange
Scanning dependencies of target test_hc_block_sort
[ 39%] Building CXX object test/rocprim/CMakeFiles/test_hc_block_sort.dir/test_hc_block_sort.cpp.o
[ 39%] Built target test_hc_block_discontinuity
Scanning dependencies of target test_hip_block_radix_sort
[ 40%] Building CXX object test/rocprim/CMakeFiles/test_hip_block_radix_sort.dir/test_hip_block_radix_sort.cpp.o
[ 41%] Linking CXX executable test_hc_device_merge_sort
[ 42%] Linking CXX executable test_hip_texture_cache_iterator
[ 42%] Linking CXX executable test_hip_block_exchange
[ 43%] Linking CXX executable test_hc_block_load_store
[ 43%] Built target test_hip_texture_cache_iterator
Scanning dependencies of target test_hip_discard_iterator
[ 44%] Building CXX object test/rocprim/CMakeFiles/test_hip_discard_iterator.dir/test_hip_discard_iterator.cpp.o
[ 44%] Linking CXX executable test_hc_device_segmented_reduce
[ 44%] Built target test_hip_block_exchange
Scanning dependencies of target test_hc_device_transform
[ 45%] Building CXX object test/rocprim/CMakeFiles/test_hc_device_transform.dir/test_hc_device_transform.cpp.o
[ 45%] Built target test_hc_device_merge_sort
Scanning dependencies of target test_hc_zip_iterator
[ 46%] Building CXX object test/rocprim/CMakeFiles/test_hc_zip_iterator.dir/test_hc_zip_iterator.cpp.o
[ 46%] Built target test_hc_block_load_store
Scanning dependencies of target test_hip_device_scan
[ 46%] Building CXX object test/rocprim/CMakeFiles/test_hip_device_scan.dir/test_hip_device_scan.cpp.o
[ 46%] Built target test_hc_device_segmented_reduce
Scanning dependencies of target test_hc_block_radix_sort
[ 46%] Building CXX object test/rocprim/CMakeFiles/test_hc_block_radix_sort.dir/test_hc_block_radix_sort.cpp.o
[ 46%] Linking CXX executable test_hc_device_select
[ 46%] Built target test_hc_device_select
Scanning dependencies of target test_hc_discard_iterator
[ 46%] Building CXX object test/rocprim/CMakeFiles/test_hc_discard_iterator.dir/test_hc_discard_iterator.cpp.o
[ 46%] Linking CXX executable test_hip_discard_iterator
[ 46%] Built target test_hc_device_scan
Scanning dependencies of target test_hc_intrinsics
[ 46%] Building CXX object test/rocprim/CMakeFiles/test_hc_intrinsics.dir/test_hc_intrinsics.cpp.o
[ 47%] Linking CXX executable test_hc_device_transform
[ 47%] Built target test_hip_discard_iterator
Scanning dependencies of target test_hip_device_segmented_scan
[ 48%] Building CXX object test/rocprim/CMakeFiles/test_hip_device_segmented_scan.dir/test_hip_device_segmented_scan.cpp.o
[ 48%] Built target test_hc_device_transform
Scanning dependencies of target test_hc_transform_iterator
[ 48%] Building CXX object test/rocprim/CMakeFiles/test_hc_transform_iterator.dir/test_hc_transform_iterator.cpp.o
[ 48%] Linking CXX executable test_hc_zip_iterator
[ 48%] Built target test_hc_zip_iterator
Scanning dependencies of target test_hc_warp_sort
[ 49%] Building CXX object test/rocprim/CMakeFiles/test_hc_warp_sort.dir/test_hc_warp_sort.cpp.o
[ 50%] Linking CXX executable test_hc_discard_iterator
[ 50%] Built target test_hc_discard_iterator
Scanning dependencies of target test_hip_block_load_store
[ 51%] Building CXX object test/rocprim/CMakeFiles/test_hip_block_load_store.dir/test_hip_block_load_store.cpp.o
[ 52%] Linking CXX executable test_hc_intrinsics
[ 52%] Built target test_hc_intrinsics
Scanning dependencies of target test_hc_device_reduce
[ 52%] Building CXX object test/rocprim/CMakeFiles/test_hc_device_reduce.dir/test_hc_device_reduce.cpp.o
[ 52%] Linking CXX executable test_hc_block_sort
[ 53%] Linking CXX executable test_hip_device_segmented_radix_sort
[ 53%] Linking CXX executable test_hc_warp_sort
[ 54%] Linking CXX executable test_hc_transform_iterator
[ 55%] Linking CXX executable test_hc_block_reduce
[ 55%] Built target test_hc_warp_sort
Scanning dependencies of target test_hc_block_scan
[ 55%] Building CXX object test/rocprim/CMakeFiles/test_hc_block_scan.dir/test_hc_block_scan.cpp.o
[ 55%] Built target test_hc_transform_iterator
Scanning dependencies of target test_hc_tuple
[ 55%] Building CXX object test/rocprim/CMakeFiles/test_hc_tuple.dir/test_hc_tuple.cpp.o
[ 55%] Built target test_hc_block_reduce
Scanning dependencies of target test_hc_basic
[ 55%] Building CXX object test/rocprim/CMakeFiles/test_hc_basic.dir/test_hc_basic.cpp.o
[ 55%] Built target test_hc_block_sort
[ 56%] Building CXX object test/rocprim/CMakeFiles/test_hc_basic.dir/detail/get_rocprim_version_hc.cpp.o
[ 57%] Linking CXX executable test_hc_block_radix_sort
[ 58%] Linking CXX executable test_hip_block_radix_sort
Scanning dependencies of target test_hc_warp_scan
[ 59%] Building CXX object test/rocprim/CMakeFiles/test_hc_warp_scan.dir/test_hc_warp_scan.cpp.o
[ 60%] Linking CXX executable test_hc_tuple
[ 60%] Linking CXX executable test_hc_basic
[ 61%] Linking CXX executable test_hip_device_radix_sort
[ 62%] Linking CXX executable test_hc_device_reduce
[ 62%] Built target test_hc_block_radix_sort
Scanning dependencies of target test_hip_counting_iterator
[ 63%] Building CXX object test/rocprim/CMakeFiles/test_hip_counting_iterator.dir/test_hip_counting_iterator.cpp.o
[ 63%] Built target test_hc_basic
Scanning dependencies of target test_hip_basic
[ 64%] Building CXX object test/rocprim/CMakeFiles/test_hip_basic.dir/test_hip_basic.cpp.o
[ 64%] Built target test_hc_tuple
[ 65%] Building CXX object test/rocprim/CMakeFiles/test_hip_basic.dir/detail/get_rocprim_version_hip.cpp.o
[ 65%] Built target test_hip_block_radix_sort
Scanning dependencies of target test_hip_arg_index_iterator
[ 66%] Building CXX object test/rocprim/CMakeFiles/test_hip_arg_index_iterator.dir/test_hip_arg_index_iterator.cpp.o
[ 66%] Linking CXX executable test_hc_device_segmented_radix_sort
[ 66%] Built target test_hc_device_reduce
Scanning dependencies of target test_hc_warp_reduce
[ 66%] Building CXX object test/rocprim/CMakeFiles/test_hc_warp_reduce.dir/test_hc_warp_reduce.cpp.o
[ 67%] Linking CXX executable test_hip_warp_scan
Scanning dependencies of target test_hip_block_discontinuity
[ 68%] Building CXX object test/rocprim/CMakeFiles/test_hip_block_discontinuity.dir/test_hip_block_discontinuity.cpp.o
[ 68%] Linking CXX executable test_hip_basic
[ 68%] Built target test_hip_warp_scan
Scanning dependencies of target test_hc_device_run_length_encode
[ 68%] Building CXX object test/rocprim/CMakeFiles/test_hc_device_run_length_encode.dir/test_hc_device_run_length_encode.cpp.o
[ 68%] Built target test_hip_basic
Scanning dependencies of target test_hip_block_histogram
[ 69%] Building CXX object test/rocprim/CMakeFiles/test_hip_block_histogram.dir/test_hip_block_histogram.cpp.o
[ 69%] Linking CXX executable test_hip_counting_iterator
[ 69%] Built target test_hip_counting_iterator
Scanning dependencies of target test_hip_device_select
[ 70%] Building CXX object test/rocprim/CMakeFiles/test_hip_device_select.dir/test_hip_device_select.cpp.o
[ 71%] Linking CXX executable test_hip_block_scan
[ 71%] Linking CXX executable test_hip_arg_index_iterator
[ 71%] Linking CXX executable test_hip_block_load_store
[ 71%] Built target test_hip_arg_index_iterator
Scanning dependencies of target test_hip_block_reduce
[ 71%] Building CXX object test/rocprim/CMakeFiles/test_hip_block_reduce.dir/test_hip_block_reduce.cpp.o
[ 71%] Built target test_hip_block_scan
Scanning dependencies of target test_hipcub_device_radix_sort
[ 72%] Building CXX object test/hipcub/CMakeFiles/test_hipcub_device_radix_sort.dir/test_hipcub_device_radix_sort.cpp.o
[ 72%] Built target test_hip_block_load_store
Scanning dependencies of target test_hipcub_block_exchange
[ 72%] Building CXX object test/hipcub/CMakeFiles/test_hipcub_block_exchange.dir/test_hipcub_block_exchange.cpp.o
[ 72%] Linking CXX executable test_hip_device_segmented_scan
[ 72%] Linking CXX executable test_hip_block_histogram
[ 72%] Linking CXX executable test_hc_warp_scan
[ 72%] Built target test_hip_block_histogram
Scanning dependencies of target test_hipcub_block_scan
[ 73%] Building CXX object test/hipcub/CMakeFiles/test_hipcub_block_scan.dir/test_hipcub_block_scan.cpp.o
[ 73%] Linking CXX executable test_hip_device_select
[ 73%] Built target test_hc_warp_scan
Scanning dependencies of target test_hipcub_block_reduce
[ 74%] Building CXX object test/hipcub/CMakeFiles/test_hipcub_block_reduce.dir/test_hipcub_block_reduce.cpp.o
[ 74%] Linking CXX executable test_hip_block_discontinuity
[ 74%] Built target test_hip_device_select
Scanning dependencies of target test_hipcub_block_load_store
[ 75%] Building CXX object test/hipcub/CMakeFiles/test_hipcub_block_load_store.dir/test_hipcub_block_load_store.cpp.o
[ 76%] Linking CXX executable test_hc_warp_reduce
[ 76%] Built target test_hip_block_discontinuity
Scanning dependencies of target test_hipcub_basic
[ 77%] Building CXX object test/hipcub/CMakeFiles/test_hipcub_basic.dir/test_hipcub_basic.cpp.o
[ 77%] Built target test_hc_warp_reduce
[ 77%] Building CXX object test/hipcub/CMakeFiles/test_hipcub_basic.dir/detail/get_hipcub_version.cpp.o
[ 78%] Linking CXX executable test_hc_device_run_length_encode
[ 78%] Built target test_hip_device_segmented_scan
Scanning dependencies of target test_hipcub_block_discontinuity
[ 78%] Building CXX object test/hipcub/CMakeFiles/test_hipcub_block_discontinuity.dir/test_hipcub_block_discontinuity.cpp.o
Scanning dependencies of target test_hipcub_device_run_length_encode
[ 78%] Building CXX object test/hipcub/CMakeFiles/test_hipcub_device_run_length_encode.dir/test_hipcub_device_run_length_encode.cpp.o
[ 79%] Linking CXX executable test_hc_block_scan
[ 80%] Linking CXX executable test_hipcub_basic
[ 80%] Built target test_hipcub_basic
Scanning dependencies of target test_hipcub_block_histogram
[ 80%] Building CXX object test/hipcub/CMakeFiles/test_hipcub_block_histogram.dir/test_hipcub_block_histogram.cpp.o
[ 80%] Built target test_hc_block_scan
[ 81%] Linking CXX executable test_hipcub_block_exchange
Scanning dependencies of target test_hipcub_warp_reduce
[ 82%] Building CXX object test/hipcub/CMakeFiles/test_hipcub_warp_reduce.dir/test_hipcub_warp_reduce.cpp.o
[ 82%] Built target test_hc_device_run_length_encode
Scanning dependencies of target test_hipcub_device_reduce
[ 82%] Building CXX object test/hipcub/CMakeFiles/test_hipcub_device_reduce.dir/test_hipcub_device_reduce.cpp.o
[ 82%] Linking CXX executable test_hipcub_block_reduce
[ 83%] Linking CXX executable test_hip_block_reduce
[ 83%] Built target test_hipcub_block_exchange
Scanning dependencies of target test_hipcub_device_reduce_by_key
[ 83%] Building CXX object test/hipcub/CMakeFiles/test_hipcub_device_reduce_by_key.dir/test_hipcub_device_reduce_by_key.cpp.o
[ 83%] Built target test_hip_device_segmented_radix_sort
Scanning dependencies of target test_hipcub_block_radix_sort
[ 84%] Building CXX object test/hipcub/CMakeFiles/test_hipcub_block_radix_sort.dir/test_hipcub_block_radix_sort.cpp.o
[ 84%] Built target test_hipcub_block_reduce
Scanning dependencies of target test_hipcub_device_scan
[ 84%] Building CXX object test/hipcub/CMakeFiles/test_hipcub_device_scan.dir/test_hipcub_device_scan.cpp.o
[ 85%] Linking CXX executable test_hip_device_scan
[ 85%] Built target test_hip_block_reduce
Scanning dependencies of target test_hipcub_device_segmented_radix_sort
[ 85%] Building CXX object test/hipcub/CMakeFiles/test_hipcub_device_segmented_radix_sort.dir/test_hipcub_device_segmented_radix_sort.cpp.o
[ 86%] Linking CXX executable test_hipcub_block_histogram
[ 87%] Linking CXX executable test_hipcub_block_discontinuity
[ 87%] Built target test_hipcub_block_histogram
Scanning dependencies of target test_hipcub_device_segmented_reduce
[ 88%] Building CXX object test/hipcub/CMakeFiles/test_hipcub_device_segmented_reduce.dir/test_hipcub_device_segmented_reduce.cpp.o
[ 88%] Built target test_hipcub_block_discontinuity
Scanning dependencies of target test_hipcub_util_ptx
[ 89%] Building CXX object test/hipcub/CMakeFiles/test_hipcub_util_ptx.dir/test_hipcub_util_ptx.cpp.o
[ 89%] Linking CXX executable test_hipcub_block_load_store
[ 89%] Built target test_hipcub_block_load_store
[ 90%] Linking CXX executable test_hipcub_device_scan
Scanning dependencies of target test_hipcub_device_select
[ 91%] Building CXX object test/hipcub/CMakeFiles/test_hipcub_device_select.dir/test_hipcub_device_select.cpp.o
[ 91%] Built target test_hipcub_device_scan
Scanning dependencies of target test_hipcub_warp_scan
[ 92%] Building CXX object test/hipcub/CMakeFiles/test_hipcub_warp_scan.dir/test_hipcub_warp_scan.cpp.o
[ 93%] Linking CXX executable test_hipcub_device_reduce
[ 94%] Linking CXX executable test_hipcub_device_run_length_encode
[ 95%] Linking CXX executable test_hipcub_device_reduce_by_key
[ 95%] Linking CXX executable test_hipcub_warp_reduce
[ 95%] Linking CXX executable test_hipcub_util_ptx
[ 95%] Linking CXX executable test_hipcub_device_segmented_reduce
[ 95%] Built target test_hipcub_warp_reduce
Scanning dependencies of target test_hipcub_device_histogram
[ 96%] Building CXX object test/hipcub/CMakeFiles/test_hipcub_device_histogram.dir/test_hipcub_device_histogram.cpp.o
[ 96%] Built target test_hipcub_util_ptx
[ 96%] Built target test_hipcub_device_segmented_reduce
[ 96%] Linking CXX executable test_hipcub_device_select
[ 96%] Built target test_hipcub_device_reduce_by_key
[ 96%] Built target test_hipcub_device_reduce
[ 96%] Built target test_hipcub_device_select
[ 96%] Linking CXX executable test_hipcub_block_radix_sort
[ 96%] Built target test_hipcub_device_run_length_encode
[ 96%] Built target test_hip_device_scan
[ 96%] Built target test_hip_device_radix_sort
[ 96%] Linking CXX executable test_hipcub_block_scan
[ 96%] Built target test_hipcub_block_radix_sort
[ 96%] Built target test_hc_device_segmented_radix_sort
[ 96%] Built target test_hipcub_block_scan
[ 97%] Linking CXX executable test_hipcub_warp_scan
[ 97%] Built target test_hipcub_warp_scan
[ 97%] Linking CXX executable test_hipcub_device_histogram
[ 97%] Built target test_hipcub_device_histogram
FATAL: command execution failed
java.io.EOFException
	at java.io.ObjectInputStream$PeekInputStream.readFully(ObjectInputStream.java:2681)
	at java.io.ObjectInputStream$BlockDataInputStream.readShort(ObjectInputStream.java:3156)
	at java.io.ObjectInputStream.readStreamHeader(ObjectInputStream.java:862)
	at java.io.ObjectInputStream.<init>(ObjectInputStream.java:358)
	at hudson.remoting.ObjectInputStreamEx.<init>(ObjectInputStreamEx.java:49)
	at hudson.remoting.Command.readFrom(Command.java:140)
	at hudson.remoting.Command.readFrom(Command.java:126)
	at hudson.remoting.AbstractSynchronousByteArrayCommandTransport.read(AbstractSynchronousByteArrayCommandTransport.java:36)
	at hudson.remoting.SynchronousCommandTransport$ReaderThread.run(SynchronousCommandTransport.java:63)
Caused: java.io.IOException: Unexpected termination of the channel
	at hudson.remoting.SynchronousCommandTransport$ReaderThread.run(SynchronousCommandTransport.java:77)
Caused: java.io.IOException: Backing channel 'compiler_elm' is disconnected.
	at hudson.remoting.RemoteInvocationHandler.channelOrFail(RemoteInvocationHandler.java:214)
	at hudson.remoting.RemoteInvocationHandler.invoke(RemoteInvocationHandler.java:283)
	at com.sun.proxy.$Proxy71.isAlive(Unknown Source)
	at hudson.Launcher$RemoteLauncher$ProcImpl.isAlive(Launcher.java:1143)
	at hudson.Launcher$RemoteLauncher$ProcImpl.join(Launcher.java:1135)
	at hudson.tasks.CommandInterpreter.join(CommandInterpreter.java:155)
	at hudson.tasks.CommandInterpreter.perform(CommandInterpreter.java:109)
	at hudson.tasks.CommandInterpreter.perform(CommandInterpreter.java:66)
	at hudson.tasks.BuildStepMonitor$1.perform(BuildStepMonitor.java:20)
	at hudson.model.AbstractBuild$AbstractBuildExecution.perform(AbstractBuild.java:744)
	at hudson.model.Build$BuildExecution.build(Build.java:206)
	at hudson.model.Build$BuildExecution.doRun(Build.java:163)
	at hudson.model.AbstractBuild$AbstractBuildExecution.run(AbstractBuild.java:504)
	at hudson.model.Run.execute(Run.java:1815)
	at hudson.model.FreeStyleBuild.run(FreeStyleBuild.java:43)
	at hudson.model.ResourceController.execute(ResourceController.java:97)
	at hudson.model.Executor.run(Executor.java:429)
FATAL: Unable to delete script file /tmp/jenkins5762991167157257973.sh
java.io.EOFException
	at java.io.ObjectInputStream$PeekInputStream.readFully(ObjectInputStream.java:2681)
	at java.io.ObjectInputStream$BlockDataInputStream.readShort(ObjectInputStream.java:3156)
	at java.io.ObjectInputStream.readStreamHeader(ObjectInputStream.java:862)
	at java.io.ObjectInputStream.<init>(ObjectInputStream.java:358)
	at hudson.remoting.ObjectInputStreamEx.<init>(ObjectInputStreamEx.java:49)
	at hudson.remoting.Command.readFrom(Command.java:140)
	at hudson.remoting.Command.readFrom(Command.java:126)
	at hudson.remoting.AbstractSynchronousByteArrayCommandTransport.read(AbstractSynchronousByteArrayCommandTransport.java:36)
	at hudson.remoting.SynchronousCommandTransport$ReaderThread.run(SynchronousCommandTransport.java:63)
Caused: java.io.IOException: Unexpected termination of the channel
	at hudson.remoting.SynchronousCommandTransport$ReaderThread.run(SynchronousCommandTransport.java:77)
Caused: hudson.remoting.ChannelClosedException: Channel "unknown": Remote call on compiler_elm failed. The channel is closing down or has closed down
	at hudson.remoting.Channel.call(Channel.java:948)
	at hudson.FilePath.act(FilePath.java:1071)
	at hudson.FilePath.act(FilePath.java:1060)
	at hudson.FilePath.delete(FilePath.java:1564)
	at hudson.tasks.CommandInterpreter.perform(CommandInterpreter.java:123)
	at hudson.tasks.CommandInterpreter.perform(CommandInterpreter.java:66)
	at hudson.tasks.BuildStepMonitor$1.perform(BuildStepMonitor.java:20)
	at hudson.model.AbstractBuild$AbstractBuildExecution.perform(AbstractBuild.java:744)
	at hudson.model.Build$BuildExecution.build(Build.java:206)
	at hudson.model.Build$BuildExecution.doRun(Build.java:163)
	at hudson.model.AbstractBuild$AbstractBuildExecution.run(AbstractBuild.java:504)
	at hudson.model.Run.execute(Run.java:1815)
	at hudson.model.FreeStyleBuild.run(FreeStyleBuild.java:43)
	at hudson.model.ResourceController.execute(ResourceController.java:97)
	at hudson.model.Executor.run(Executor.java:429)
Build step 'Execute shell' marked build as failure
Finished: FAILURE
